This file contains any messages produced by compilers while
running configure, to aid debugging if configure makes a mistake.

It was created by configure, which was
generated by GNU Autoconf 2.61.  Invocation command line was

  $ ./configure --host=x86_64 --target=arm-none-eabi

## --------- ##
## Platform. ##
## --------- ##

hostname = harryh
uname -m = x86_64
uname -r = 2.6.38.8-32.fc15.x86_64
uname -s = Linux
uname -v = #1 SMP Mon Jun 13 19:49:05 UTC 2011

/usr/bin/uname -p = unknown
/bin/uname -X     = unknown

/bin/arch              = x86_64
/usr/bin/arch -k       = unknown
/usr/convex/getsysinfo = unknown
/usr/bin/hostinfo      = unknown
/bin/machine           = unknown
/usr/bin/oslevel       = unknown
/bin/universe          = unknown

PATH: /usr/lib64/qt-3.3/bin
PATH: /usr/lib64/ccache
PATH: /usr/local/bin
PATH: /usr/bin
PATH: /bin
PATH: /usr/local/sbin
PATH: /usr/sbin
PATH: /sbin
PATH: /home/harald/bin


## ----------- ##
## Core tests. ##
## ----------- ##

configure:1752: checking for x86_64-gcc
configure:1779: result: /home/harald/CodeSourcery/Sourcery_G++_Lite/bin/arm-none-eabi-gcc
configure:2057: checking for C compiler version
configure:2064: /home/harald/CodeSourcery/Sourcery_G++_Lite/bin/arm-none-eabi-gcc --version >&5
arm-none-eabi-gcc (Sourcery G++ Lite 2009q3-68) 4.4.1
Copyright (C) 2009 Free Software Foundation, Inc.
This is free software; see the source for copying conditions.  There is NO
warranty; not even for MERCHANTABILITY or FITNESS FOR A PARTICULAR PURPOSE.

configure:2067: $? = 0
configure:2074: /home/harald/CodeSourcery/Sourcery_G++_Lite/bin/arm-none-eabi-gcc -v >&5
Using built-in specs.
Target: arm-none-eabi
Configured with: /scratch/julian/2009q3-respin-eabi-lite/src/gcc-4.4/configure --build=i686-pc-linux-gnu --host=i686-pc-linux-gnu --target=arm-none-eabi --enable-threads --disable-libmudflap --disable-libssp --disable-libstdcxx-pch --enable-extra-sgxxlite-multilibs --with-gnu-as --with-gnu-ld --with-specs='%{O2:%{!fno-remove-local-statics: -fremove-local-statics}} %{O*:%{O|O0|O1|O2|Os:;:%{!fno-remove-local-statics: -fremove-local-statics}}}' --enable-languages=c,c++ --disable-shared --disable-lto --with-newlib --with-pkgversion='Sourcery G++ Lite 2009q3-68' --with-bugurl=https://support.codesourcery.com/GNUToolchain/ --disable-nls --prefix=/opt/codesourcery --with-headers=yes --with-sysroot=/opt/codesourcery/arm-none-eabi --with-build-sysroot=/scratch/julian/2009q3-respin-eabi-lite/install/arm-none-eabi --with-gmp=/scratch/julian/2009q3-respin-eabi-lite/obj/host-libs-2009q3-68-arm-none-eabi-i686-pc-linux-gnu/usr --with-mpfr=/scratch/julian/2009q3-respin-eabi-lite/obj/host-libs-2009q3-68-arm-none-eabi-i686-pc-linux-gnu/usr --with-ppl=/scratch/julian/2009q3-respin-eabi-lite/obj/host-libs-2009q3-68-arm-none-eabi-i686-pc-linux-gnu/usr --with-host-libstdcxx='-static-libgcc -Wl,-Bstatic,-lstdc++,-Bdynamic -lm' --with-cloog=/scratch/julian/2009q3-respin-eabi-lite/obj/host-libs-2009q3-68-arm-none-eabi-i686-pc-linux-gnu/usr --disable-libgomp --enable-poison-system-directories --with-build-time-tools=/scratch/julian/2009q3-respin-eabi-lite/install/arm-none-eabi/bin --with-build-time-tools=/scratch/julian/2009q3-respin-eabi-lite/install/arm-none-eabi/bin
Thread model: single
gcc version 4.4.1 (Sourcery G++ Lite 2009q3-68) 
configure:2077: $? = 0
configure:2084: /home/harald/CodeSourcery/Sourcery_G++_Lite/bin/arm-none-eabi-gcc -V >&5
arm-none-eabi-gcc: '-V' option must have argument
configure:2087: $? = 1
configure:2110: checking for C compiler default output file name
configure:2137: /home/harald/CodeSourcery/Sourcery_G++_Lite/bin/arm-none-eabi-gcc    conftest.c  >&5
/home/harald/CodeSourcery/Sourcery_G++_Lite/bin/../lib/gcc/arm-none-eabi/4.4.1/../../../../arm-none-eabi/bin/ld: warning: cannot find entry symbol _start; defaulting to 00008018
configure:2140: $? = 0
configure:2178: result: a.out
configure:2195: checking whether the C compiler works
configure:2205: ./a.out
./configure: line 2206: ./a.out: cannot execute binary file
configure:2208: $? = 126
configure:2225: result: yes
configure:2232: checking whether we are cross compiling
configure:2234: result: yes
configure:2237: checking for suffix of executables
configure:2244: /home/harald/CodeSourcery/Sourcery_G++_Lite/bin/arm-none-eabi-gcc -o conftest    conftest.c  >&5
/home/harald/CodeSourcery/Sourcery_G++_Lite/bin/../lib/gcc/arm-none-eabi/4.4.1/../../../../arm-none-eabi/bin/ld: warning: cannot find entry symbol _start; defaulting to 00008018
configure:2247: $? = 0
configure:2271: result: 
configure:2277: checking for suffix of object files
configure:2303: /home/harald/CodeSourcery/Sourcery_G++_Lite/bin/arm-none-eabi-gcc -c   conftest.c >&5
configure:2306: $? = 0
configure:2329: result: o
configure:2333: checking whether we are using the GNU C compiler
configure:2362: /home/harald/CodeSourcery/Sourcery_G++_Lite/bin/arm-none-eabi-gcc -c   conftest.c >&5
configure:2368: $? = 0
configure:2385: result: yes
configure:2390: checking whether /home/harald/CodeSourcery/Sourcery_G++_Lite/bin/arm-none-eabi-gcc accepts -g
configure:2420: /home/harald/CodeSourcery/Sourcery_G++_Lite/bin/arm-none-eabi-gcc -c -g  conftest.c >&5
configure:2426: $? = 0
configure:2525: result: yes
configure:2542: checking for /home/harald/CodeSourcery/Sourcery_G++_Lite/bin/arm-none-eabi-gcc option to accept ISO C89
configure:2616: /home/harald/CodeSourcery/Sourcery_G++_Lite/bin/arm-none-eabi-gcc  -c -g -O2  conftest.c >&5
configure:2622: $? = 0
configure:2645: result: none needed
configure:2677: checking for x86_64-g++
configure:2707: result: no
configure:2677: checking for x86_64-c++
configure:2707: result: no
configure:2677: checking for x86_64-gpp
configure:2707: result: no
configure:2677: checking for x86_64-aCC
configure:2707: result: no
configure:2677: checking for x86_64-CC
configure:2707: result: no
configure:2677: checking for x86_64-cxx
configure:2707: result: no
configure:2677: checking for x86_64-cc++
configure:2707: result: no
configure:2677: checking for x86_64-cl.exe
configure:2707: result: no
configure:2677: checking for x86_64-FCC
configure:2707: result: no
configure:2677: checking for x86_64-KCC
configure:2707: result: no
configure:2677: checking for x86_64-RCC
configure:2707: result: no
configure:2677: checking for x86_64-xlC_r
configure:2707: result: no
configure:2677: checking for x86_64-xlC
configure:2707: result: no
configure:2721: checking for g++
configure:2737: found /usr/lib64/ccache/g++
configure:2748: result: g++
configure:2766: WARNING: In the future, Autoconf will not detect cross-tools
whose name does not start with the host triplet.  If you think this
configuration is useful to you, please write to autoconf@gnu.org.
configure:2779: checking for C++ compiler version
configure:2786: g++ --version >&5
g++ (GCC) 4.6.0 20110530 (Red Hat 4.6.0-9)
Copyright (C) 2011 Free Software Foundation, Inc.
This is free software; see the source for copying conditions.  There is NO
warranty; not even for MERCHANTABILITY or FITNESS FOR A PARTICULAR PURPOSE.

configure:2789: $? = 0
configure:2796: g++ -v >&5
Using built-in specs.
COLLECT_GCC=/usr/bin/g++
COLLECT_LTO_WRAPPER=/usr/libexec/gcc/x86_64-redhat-linux/4.6.0/lto-wrapper
Target: x86_64-redhat-linux
Configured with: ../configure --prefix=/usr --mandir=/usr/share/man --infodir=/usr/share/info --with-bugurl=http://bugzilla.redhat.com/bugzilla --enable-bootstrap --enable-shared --enable-threads=posix --enable-checking=release --with-system-zlib --enable-__cxa_atexit --disable-libunwind-exceptions --enable-gnu-unique-object --enable-linker-build-id --enable-languages=c,c++,objc,obj-c++,java,fortran,ada,go,lto --enable-plugin --enable-java-awt=gtk --disable-dssi --with-java-home=/usr/lib/jvm/java-1.5.0-gcj-1.5.0.0/jre --enable-libgcj-multifile --enable-java-maintainer-mode --with-ecj-jar=/usr/share/java/eclipse-ecj.jar --disable-libjava-multilib --with-ppl --with-cloog --with-tune=generic --with-arch_32=i686 --build=x86_64-redhat-linux
Thread model: posix
gcc version 4.6.0 20110530 (Red Hat 4.6.0-9) (GCC) 
configure:2799: $? = 0
configure:2806: g++ -V >&5
g++: error: unrecognized option '-V'
g++: fatal error: no input files
compilation terminated.
configure:2809: $? = 4
configure:2812: checking whether we are using the GNU C++ compiler
configure:2841: g++ -c   conftest.cpp >&5
configure:2847: $? = 0
configure:2864: result: yes
configure:2869: checking whether g++ accepts -g
configure:2899: g++ -c -g  conftest.cpp >&5
configure:2905: $? = 0
configure:3004: result: yes
configure:3032: checking how to run the C++ preprocessor
configure:3068: g++ -E  conftest.cpp
configure:3074: $? = 0
configure:3105: g++ -E  conftest.cpp
conftest.cpp:8:28: fatal error: ac_nonexistent.h: No such file or directory
compilation terminated.
configure:3111: $? = 1
configure: failed program was:
| /* confdefs.h.  */
| #define PACKAGE_NAME ""
| #define PACKAGE_TARNAME ""
| #define PACKAGE_VERSION ""
| #define PACKAGE_STRING ""
| #define PACKAGE_BUGREPORT ""
| /* end confdefs.h.  */
| #include <ac_nonexistent.h>
configure:3144: result: g++ -E
configure:3173: g++ -E  conftest.cpp
configure:3179: $? = 0
configure:3210: g++ -E  conftest.cpp
conftest.cpp:8:28: fatal error: ac_nonexistent.h: No such file or directory
compilation terminated.
configure:3216: $? = 1
configure: failed program was:
| /* confdefs.h.  */
| #define PACKAGE_NAME ""
| #define PACKAGE_TARNAME ""
| #define PACKAGE_VERSION ""
| #define PACKAGE_STRING ""
| #define PACKAGE_BUGREPORT ""
| /* end confdefs.h.  */
| #include <ac_nonexistent.h>
configure:3297: checking for a BSD-compatible install
configure:3353: result: /usr/bin/install -c
configure:3366: checking for an ANSI C-conforming const
configure:3441: g++ -c -g -O2  conftest.cpp >&5
configure:3447: $? = 0
configure:3462: result: yes
configure:3473: checking for grep that handles long lines and -e
configure:3547: result: /bin/grep
configure:3552: checking for egrep
configure:3630: result: /bin/grep -E
configure:3635: checking for ANSI C header files
configure:3665: g++ -c -g -O2  conftest.cpp >&5
configure:3671: $? = 0
configure:3799: result: yes
configure:3823: checking for sys/types.h
configure:3844: g++ -c -g -O2  conftest.cpp >&5
configure:3850: $? = 0
configure:3866: result: yes
configure:3823: checking for sys/stat.h
configure:3844: g++ -c -g -O2  conftest.cpp >&5
configure:3850: $? = 0
configure:3866: result: yes
configure:3823: checking for stdlib.h
configure:3844: g++ -c -g -O2  conftest.cpp >&5
configure:3850: $? = 0
configure:3866: result: yes
configure:3823: checking for string.h
configure:3844: g++ -c -g -O2  conftest.cpp >&5
configure:3850: $? = 0
configure:3866: result: yes
configure:3823: checking for memory.h
configure:3844: g++ -c -g -O2  conftest.cpp >&5
configure:3850: $? = 0
configure:3866: result: yes
configure:3823: checking for strings.h
configure:3844: g++ -c -g -O2  conftest.cpp >&5
configure:3850: $? = 0
configure:3866: result: yes
configure:3823: checking for inttypes.h
configure:3844: g++ -c -g -O2  conftest.cpp >&5
configure:3850: $? = 0
configure:3866: result: yes
configure:3823: checking for stdint.h
configure:3844: g++ -c -g -O2  conftest.cpp >&5
configure:3850: $? = 0
configure:3866: result: yes
configure:3823: checking for unistd.h
configure:3844: g++ -c -g -O2  conftest.cpp >&5
configure:3850: $? = 0
configure:3866: result: yes
configure:3878: checking for size_t
configure:3908: g++ -c -g -O2  conftest.cpp >&5
configure:3914: $? = 0
configure:3929: result: yes
configure:3967: g++ -c -g -O2  conftest.cpp >&5
conftest.cpp: In function 'int main()':
conftest.cpp:25:13: error: aggregate 'main()::semun sem' has incomplete type and cannot be defined
configure:3973: $? = 1
configure: failed program was:
| /* confdefs.h.  */
| #define PACKAGE_NAME ""
| #define PACKAGE_TARNAME ""
| #define PACKAGE_VERSION ""
| #define PACKAGE_STRING ""
| #define PACKAGE_BUGREPORT ""
| #define STDC_HEADERS 1
| #define HAVE_SYS_TYPES_H 1
| #define HAVE_SYS_STAT_H 1
| #define HAVE_STDLIB_H 1
| #define HAVE_STRING_H 1
| #define HAVE_MEMORY_H 1
| #define HAVE_STRINGS_H 1
| #define HAVE_INTTYPES_H 1
| #define HAVE_STDINT_H 1
| #define HAVE_UNISTD_H 1
| /* end confdefs.h.  */
| #include <sys/types.h>
| #include <sys/ipc.h>
| #include <sys/sem.h>
| 
| int
| main ()
| {
| union semun sem;
|   ;
|   return 0;
| }
configure:4013: g++ -c -g -O2  conftest.cpp >&5
configure:4019: $? = 0
configure:4056: g++ -c -g -O2  conftest.cpp >&5
configure:4062: $? = 0
configure:4098: g++ -o conftest -g -O2   conftest.cpp  >&5
configure:4104: $? = 0
configure:4141: checking algorithm usability
configure:4158: g++ -c -g -O2  conftest.cpp >&5
configure:4164: $? = 0
configure:4178: result: yes
configure:4182: checking algorithm presence
configure:4197: g++ -E  conftest.cpp
configure:4203: $? = 0
configure:4217: result: yes
configure:4245: checking for algorithm
configure:4253: result: yes
configure:4141: checking algo.h usability
configure:4158: g++ -c -g -O2  conftest.cpp >&5
conftest.cpp:52:18: fatal error: algo.h: No such file or directory
compilation terminated.
configure:4164: $? = 1
configure: failed program was:
| /* confdefs.h.  */
| #define PACKAGE_NAME ""
| #define PACKAGE_TARNAME ""
| #define PACKAGE_VERSION ""
| #define PACKAGE_STRING ""
| #define PACKAGE_BUGREPORT ""
| #define STDC_HEADERS 1
| #define HAVE_SYS_TYPES_H 1
| #define HAVE_SYS_STAT_H 1
| #define HAVE_STDLIB_H 1
| #define HAVE_STRING_H 1
| #define HAVE_MEMORY_H 1
| #define HAVE_STRINGS_H 1
| #define HAVE_INTTYPES_H 1
| #define HAVE_STDINT_H 1
| #define HAVE_UNISTD_H 1
| #define HAVE_ALGORITHM 1
| /* end confdefs.h.  */
| #include <stdio.h>
| #ifdef HAVE_SYS_TYPES_H
| # include <sys/types.h>
| #endif
| #ifdef HAVE_SYS_STAT_H
| # include <sys/stat.h>
| #endif
| #ifdef STDC_HEADERS
| # include <stdlib.h>
| # include <stddef.h>
| #else
| # ifdef HAVE_STDLIB_H
| #  include <stdlib.h>
| # endif
| #endif
| #ifdef HAVE_STRING_H
| # if !defined STDC_HEADERS && defined HAVE_MEMORY_H
| #  include <memory.h>
| # endif
| # include <string.h>
| #endif
| #ifdef HAVE_STRINGS_H
| # include <strings.h>
| #endif
| #ifdef HAVE_INTTYPES_H
| # include <inttypes.h>
| #endif
| #ifdef HAVE_STDINT_H
| # include <stdint.h>
| #endif
| #ifdef HAVE_UNISTD_H
| # include <unistd.h>
| #endif
| #include <algo.h>
configure:4178: result: no
configure:4182: checking algo.h presence
configure:4197: g++ -E  conftest.cpp
conftest.cpp:19:18: fatal error: algo.h: No such file or directory
compilation terminated.
configure:4203: $? = 1
configure: failed program was:
| /* confdefs.h.  */
| #define PACKAGE_NAME ""
| #define PACKAGE_TARNAME ""
| #define PACKAGE_VERSION ""
| #define PACKAGE_STRING ""
| #define PACKAGE_BUGREPORT ""
| #define STDC_HEADERS 1
| #define HAVE_SYS_TYPES_H 1
| #define HAVE_SYS_STAT_H 1
| #define HAVE_STDLIB_H 1
| #define HAVE_STRING_H 1
| #define HAVE_MEMORY_H 1
| #define HAVE_STRINGS_H 1
| #define HAVE_INTTYPES_H 1
| #define HAVE_STDINT_H 1
| #define HAVE_UNISTD_H 1
| #define HAVE_ALGORITHM 1
| /* end confdefs.h.  */
| #include <algo.h>
configure:4217: result: no
configure:4245: checking for algo.h
configure:4253: result: no
configure:4141: checking algo usability
configure:4158: g++ -c -g -O2  conftest.cpp >&5
conftest.cpp:52:16: fatal error: algo: No such file or directory
compilation terminated.
configure:4164: $? = 1
configure: failed program was:
| /* confdefs.h.  */
| #define PACKAGE_NAME ""
| #define PACKAGE_TARNAME ""
| #define PACKAGE_VERSION ""
| #define PACKAGE_STRING ""
| #define PACKAGE_BUGREPORT ""
| #define STDC_HEADERS 1
| #define HAVE_SYS_TYPES_H 1
| #define HAVE_SYS_STAT_H 1
| #define HAVE_STDLIB_H 1
| #define HAVE_STRING_H 1
| #define HAVE_MEMORY_H 1
| #define HAVE_STRINGS_H 1
| #define HAVE_INTTYPES_H 1
| #define HAVE_STDINT_H 1
| #define HAVE_UNISTD_H 1
| #define HAVE_ALGORITHM 1
| /* end confdefs.h.  */
| #include <stdio.h>
| #ifdef HAVE_SYS_TYPES_H
| # include <sys/types.h>
| #endif
| #ifdef HAVE_SYS_STAT_H
| # include <sys/stat.h>
| #endif
| #ifdef STDC_HEADERS
| # include <stdlib.h>
| # include <stddef.h>
| #else
| # ifdef HAVE_STDLIB_H
| #  include <stdlib.h>
| # endif
| #endif
| #ifdef HAVE_STRING_H
| # if !defined STDC_HEADERS && defined HAVE_MEMORY_H
| #  include <memory.h>
| # endif
| # include <string.h>
| #endif
| #ifdef HAVE_STRINGS_H
| # include <strings.h>
| #endif
| #ifdef HAVE_INTTYPES_H
| # include <inttypes.h>
| #endif
| #ifdef HAVE_STDINT_H
| # include <stdint.h>
| #endif
| #ifdef HAVE_UNISTD_H
| # include <unistd.h>
| #endif
| #include <algo>
configure:4178: result: no
configure:4182: checking algo presence
configure:4197: g++ -E  conftest.cpp
conftest.cpp:19:16: fatal error: algo: No such file or directory
compilation terminated.
configure:4203: $? = 1
configure: failed program was:
| /* confdefs.h.  */
| #define PACKAGE_NAME ""
| #define PACKAGE_TARNAME ""
| #define PACKAGE_VERSION ""
| #define PACKAGE_STRING ""
| #define PACKAGE_BUGREPORT ""
| #define STDC_HEADERS 1
| #define HAVE_SYS_TYPES_H 1
| #define HAVE_SYS_STAT_H 1
| #define HAVE_STDLIB_H 1
| #define HAVE_STRING_H 1
| #define HAVE_MEMORY_H 1
| #define HAVE_STRINGS_H 1
| #define HAVE_INTTYPES_H 1
| #define HAVE_STDINT_H 1
| #define HAVE_UNISTD_H 1
| #define HAVE_ALGORITHM 1
| /* end confdefs.h.  */
| #include <algo>
configure:4217: result: no
configure:4245: checking for algo
configure:4253: result: no
configure:4293: g++ -c -g -O2  conftest.cpp >&5
conftest.cpp:19:0: warning: "_GNU_SOURCE" redefined [enabled by default]
<command-line>:0:0: note: this is the location of the previous definition
configure:4299: $? = 0
configure:4345: g++ -o conftest -g -O2  -lpthread conftest.cpp  >&5
configure:4351: $? = 0
configure:4372: error: cannot run test program while cross compiling
See `config.log' for more details.

## ---------------- ##
## Cache variables. ##
## ---------------- ##

ac_cv_c_compiler_gnu=yes
ac_cv_c_const=yes
ac_cv_cxx_compiler_gnu=yes
ac_cv_env_CCC_set=
ac_cv_env_CCC_value=
ac_cv_env_CC_set=set
ac_cv_env_CC_value=/home/harald/CodeSourcery/Sourcery_G++_Lite/bin/arm-none-eabi-gcc
ac_cv_env_CFLAGS_set=
ac_cv_env_CFLAGS_value=
ac_cv_env_CPPFLAGS_set=
ac_cv_env_CPPFLAGS_value=
ac_cv_env_CXXCPP_set=
ac_cv_env_CXXCPP_value=
ac_cv_env_CXXFLAGS_set=
ac_cv_env_CXXFLAGS_value=
ac_cv_env_CXX_set=
ac_cv_env_CXX_value=
ac_cv_env_LDFLAGS_set=
ac_cv_env_LDFLAGS_value=
ac_cv_env_LIBS_set=
ac_cv_env_LIBS_value=
ac_cv_env_build_alias_set=
ac_cv_env_build_alias_value=
ac_cv_env_host_alias_set=set
ac_cv_env_host_alias_value=x86_64
ac_cv_env_target_alias_set=set
ac_cv_env_target_alias_value=arm-none-eabi
ac_cv_header_algo=no
ac_cv_header_algo_h=no
ac_cv_header_algorithm=yes
ac_cv_header_inttypes_h=yes
ac_cv_header_memory_h=yes
ac_cv_header_stdc=yes
ac_cv_header_stdint_h=yes
ac_cv_header_stdlib_h=yes
ac_cv_header_string_h=yes
ac_cv_header_strings_h=yes
ac_cv_header_sys_stat_h=yes
ac_cv_header_sys_types_h=yes
ac_cv_header_unistd_h=yes
ac_cv_objext=o
ac_cv_path_EGREP='/bin/grep -E'
ac_cv_path_GREP=/bin/grep
ac_cv_path_install='/usr/bin/install -c'
ac_cv_prog_CC=/home/harald/CodeSourcery/Sourcery_G++_Lite/bin/arm-none-eabi-gcc
ac_cv_prog_CXXCPP='g++ -E'
ac_cv_prog_ac_ct_CXX=g++
ac_cv_prog_cc_c89=
ac_cv_prog_cc_g=yes
ac_cv_prog_cxx_g=yes
ac_cv_type_size_t=yes

## ----------------- ##
## Output variables. ##
## ----------------- ##

CC='/home/harald/CodeSourcery/Sourcery_G++_Lite/bin/arm-none-eabi-gcc'
CFLAGS='-g -O2'
CPPFLAGS=''
CXX='g++'
CXXCPP='g++ -E'
CXXFLAGS='-g -O2'
DEFS=''
ECHO_C=''
ECHO_N='-n'
ECHO_T=''
EGREP='/bin/grep -E'
EXEEXT=''
GREP='/bin/grep'
INSTALL_DATA='${INSTALL} -m 644'
INSTALL_PROGRAM='${INSTALL}'
INSTALL_SCRIPT='${INSTALL}'
LDFLAGS='-lpthread'
LIBOBJS=''
LIBS=''
LTLIBOBJS=''
OBJEXT='o'
PACKAGE_BUGREPORT=''
PACKAGE_NAME=''
PACKAGE_STRING=''
PACKAGE_TARNAME=''
PACKAGE_VERSION=''
PATH_SEPARATOR=':'
SHELL='/bin/sh'
ac_ct_CC=''
ac_ct_CXX='g++'
bindir='${exec_prefix}/bin'
bool=''
build_alias=''
csv_version='1.96'
datadir='${datarootdir}'
datarootdir='${prefix}/share'
debug=''
docdir='${datarootdir}/doc/${PACKAGE}'
dvidir='${docdir}'
exec_prefix='NONE'
host_alias='x86_64'
htmldir='${docdir}'
includedir='${prefix}/include'
infodir='${datarootdir}/info'
large_file=''
libdir='${exec_prefix}/lib'
libexecdir='${exec_prefix}/libexec'
linux_pthread='#define LINUX_PTHREAD'
localedir='${datarootdir}/locale'
localstatedir='${prefix}/var'
mandir='${datarootdir}/man'
oldincludedir='/usr/include'
pdfdir='${docdir}'
prefix='NONE'
program_transform_name='s,x,x,'
psdir='${docdir}'
sbindir='${exec_prefix}/sbin'
semun=''
sharedstatedir='${prefix}/com'
snprintf=''
stripping='-s'
sysconfdir='${prefix}/etc'
target_alias='arm-none-eabi'
thread_ldflags='-lpthread'
true_false='0'
version='1.96'

## ----------- ##
## confdefs.h. ##
## ----------- ##

#define PACKAGE_NAME ""
#define PACKAGE_TARNAME ""
#define PACKAGE_VERSION ""
#define PACKAGE_STRING ""
#define PACKAGE_BUGREPORT ""
#define STDC_HEADERS 1
#define HAVE_SYS_TYPES_H 1
#define HAVE_SYS_STAT_H 1
#define HAVE_STDLIB_H 1
#define HAVE_STRING_H 1
#define HAVE_MEMORY_H 1
#define HAVE_STRINGS_H 1
#define HAVE_INTTYPES_H 1
#define HAVE_STDINT_H 1
#define HAVE_UNISTD_H 1
#define HAVE_ALGORITHM 1

configure: exit 1
